<?xml version="1.0" encoding="UTF-8"?>
<!-- Generated by org.testng.reporters.JUnitReportReporter -->
<testsuite skipped="0" hostname="VishalKumar-Ja" name="files.StaticJson" tests="1" failures="0" timestamp="17 Aug 2020 10:06:13 GMT" time="2.284" errors="0">
  <testcase name="addBook" time="2.284" classname="files.StaticJson"/>
</testsuite> <!-- files.StaticJson -->
