<?xml version="1.0" encoding="UTF-8"?>
<!-- Generated by org.testng.reporters.JUnitReportReporter -->
<testsuite skipped="0" hostname="VishalKumar-Ja" name="basicAPI.SumValidation" tests="1" failures="0" timestamp="16 Aug 2020 18:04:33 GMT" time="1.014" errors="0">
  <testcase name="sumofCourses" time="1.014" classname="basicAPI.SumValidation"/>
</testsuite> <!-- basicAPI.SumValidation -->
